<?xml version="1.0" encoding="UTF-8"?>
<!-- Generated by org.testng.reporters.JUnitXMLReporter -->
<testsuite ignored="4" hostname="MTYLP032" failures="0" tests="1" name="Default test" time="16.478" errors="0" timestamp="2020-02-12T10:34:49 CST">
  <testcase classname="printerlogic.login" name="LostPassword" time="16.431"/>
  <testcase classname="printerlogic.login" name="LoginPass" time="0.0">
    <ignored/>
  </testcase> <!-- LoginPass -->
  <testcase classname="printerlogic.login" name="LoginInvalidPassword" time="0.0">
    <ignored/>
  </testcase> <!-- LoginInvalidPassword -->
  <testcase classname="printerlogic.login" name="LoginEmptyFields" time="0.0">
    <ignored/>
  </testcase> <!-- LoginEmptyFields -->
  <testcase classname="printerlogic.login" name="LoginInvalidUser" time="0.0">
    <ignored/>
  </testcase> <!-- LoginInvalidUser -->
</testsuite> <!-- Default test -->
