<?xml version="1.0" encoding="UTF-8"?>
<testng-results ignored="4" total="5" passed="1" failed="0" skipped="0">
  <reporter-output>
  </reporter-output>
  <suite started-at="2020-02-12T10:34:32 CST" name="Default suite" finished-at="2020-02-12T10:34:49 CST" duration-ms="16478">
    <groups>
    </groups>
    <test started-at="2020-02-12T10:34:32 CST" name="Default test" finished-at="2020-02-12T10:34:49 CST" duration-ms="16478">
      <class name="printerlogic.login">
        <test-method signature="LostPassword()[pri:0, instance:printerlogic.login@23282c25]" started-at="2020-02-12T10:34:32 CST" name="LostPassword" description="Lost Password scenario" finished-at="2020-02-12T10:34:49 CST" duration-ms="16431" status="PASS">
          <reporter-output>
          </reporter-output>
        </test-method> <!-- LostPassword -->
      </class> <!-- printerlogic.login -->
    </test> <!-- Default test -->
  </suite> <!-- Default suite -->
</testng-results>
